TN:
SF:Fingerprint\hashing.js
FN:14,keccakF
FN:39,sha3
FN:55,sha3_224
FN:56,sha3_256
FN:57,sha3_384
FN:58,sha3_512
FN:69,blake2bG
FN:75,blake2bRor
FN:76,blake2bLoad64
FN:80,blake2bCompress
FN:95,blake2b
FN:133,b2s_ror32
FN:134,b2s_compress
FN:155,b2s_load32
FN:156,blake2s
FN:181,ahash
FN:199,dhash
FN:217,phash
FN:245,whash
FN:284,resizeImageData
FN:301,md5
FN:347,sha224
FN:400,md2
FN:444,md4
FN:472,ripemd160
FN:514,b3_rot32
FN:515,b3_ld32
FN:516,b3_st32
FN:517,b3_compress
FN:524,G
FN:539,b3_xof
FN:561,blake3
FN:628,wp_gf_mul
FN:633,wp_subBytes
FN:636,wp_shiftColumns
FN:641,wp_mixRows
FN:650,wp_addRoundKey
FN:653,wp_keySchedule
FN:658,wp_cipher
FN:671,whirlpool
FN:694,fingerprintFile
FN:767,fastFingerprint
FNF:42
FNH:6
FNDA:0,keccakF
FNDA:0,sha3
FNDA:0,sha3_224
FNDA:0,sha3_256
FNDA:0,sha3_384
FNDA:0,sha3_512
FNDA:0,blake2bG
FNDA:0,blake2bRor
FNDA:0,blake2bLoad64
FNDA:0,blake2bCompress
FNDA:0,blake2b
FNDA:0,b2s_ror32
FNDA:0,b2s_compress
FNDA:0,b2s_load32
FNDA:0,blake2s
FNDA:0,ahash
FNDA:0,dhash
FNDA:0,phash
FNDA:0,whash
FNDA:0,resizeImageData
FNDA:0,md5
FNDA:0,sha224
FNDA:0,md2
FNDA:0,md4
FNDA:0,ripemd160
FNDA:2016,b3_rot32
FNDA:144,b3_ld32
FNDA:72,b3_st32
FNDA:9,b3_compress
FNDA:504,G
FNDA:0,b3_xof
FNDA:9,blake3
FNDA:0,wp_gf_mul
FNDA:0,wp_subBytes
FNDA:0,wp_shiftColumns
FNDA:0,wp_mixRows
FNDA:0,wp_addRoundKey
FNDA:0,wp_keySchedule
FNDA:0,wp_cipher
FNDA:0,whirlpool
FNDA:0,fingerprintFile
FNDA:0,fastFingerprint
DA:1,5
DA:2,5
DA:3,5
DA:4,5
DA:5,5
DA:6,5
DA:7,5
DA:8,5
DA:9,5
DA:10,5
DA:11,5
DA:12,5
DA:13,5
DA:14,0
DA:15,0
DA:16,0
DA:17,0
DA:18,0
DA:19,0
DA:20,0
DA:21,0
DA:22,0
DA:23,0
DA:24,0
DA:25,0
DA:26,0
DA:27,0
DA:28,0
DA:29,0
DA:30,0
DA:31,0
DA:32,0
DA:33,0
DA:34,0
DA:35,0
DA:36,0
DA:37,0
DA:38,0
DA:39,0
DA:40,0
DA:41,0
DA:42,0
DA:43,0
DA:44,0
DA:45,0
DA:46,0
DA:47,0
DA:48,0
DA:49,0
DA:50,0
DA:51,0
DA:52,0
DA:53,0
DA:54,0
DA:55,5
DA:56,5
DA:57,5
DA:58,5
DA:59,5
DA:60,5
DA:61,5
DA:62,5
DA:63,5
DA:64,5
DA:65,5
DA:66,5
DA:67,5
DA:68,5
DA:69,0
DA:70,0
DA:71,0
DA:72,0
DA:73,0
DA:74,0
DA:75,0
DA:76,0
DA:77,0
DA:78,0
DA:79,0
DA:80,0
DA:81,0
DA:82,0
DA:83,0
DA:84,0
DA:85,0
DA:86,0
DA:87,0
DA:88,0
DA:89,0
DA:90,0
DA:91,0
DA:92,0
DA:93,0
DA:94,0
DA:95,0
DA:96,0
DA:97,0
DA:98,0
DA:99,0
DA:100,0
DA:101,0
DA:102,0
DA:103,0
DA:104,0
DA:105,0
DA:106,0
DA:107,0
DA:108,0
DA:109,0
DA:110,0
DA:111,0
DA:112,0
DA:113,0
DA:114,0
DA:115,0
DA:116,0
DA:117,0
DA:118,0
DA:119,5
DA:120,5
DA:121,5
DA:122,5
DA:123,5
DA:124,5
DA:125,5
DA:126,5
DA:127,5
DA:128,5
DA:129,5
DA:130,5
DA:131,5
DA:132,5
DA:133,0
DA:134,0
DA:135,0
DA:136,0
DA:137,0
DA:138,0
DA:139,0
DA:140,0
DA:141,0
DA:142,0
DA:143,0
DA:144,0
DA:145,0
DA:146,0
DA:147,0
DA:148,0
DA:149,0
DA:150,0
DA:151,0
DA:152,0
DA:153,0
DA:154,0
DA:155,0
DA:156,0
DA:157,0
DA:158,0
DA:159,0
DA:160,0
DA:161,0
DA:162,0
DA:163,0
DA:164,0
DA:165,0
DA:166,0
DA:167,0
DA:168,0
DA:169,0
DA:170,0
DA:171,0
DA:172,0
DA:173,0
DA:174,0
DA:175,0
DA:176,0
DA:177,0
DA:178,5
DA:179,5
DA:180,5
DA:181,0
DA:182,0
DA:183,0
DA:184,0
DA:185,0
DA:186,0
DA:187,0
DA:188,0
DA:189,0
DA:190,0
DA:191,0
DA:192,0
DA:193,0
DA:194,0
DA:195,0
DA:196,0
DA:197,0
DA:198,5
DA:199,0
DA:200,0
DA:201,0
DA:202,0
DA:203,0
DA:204,0
DA:205,0
DA:206,0
DA:207,0
DA:208,0
DA:209,0
DA:210,0
DA:211,0
DA:212,0
DA:213,0
DA:214,0
DA:215,0
DA:216,5
DA:217,0
DA:218,0
DA:219,0
DA:220,0
DA:221,0
DA:222,0
DA:223,0
DA:224,0
DA:225,0
DA:226,0
DA:227,0
DA:228,0
DA:229,0
DA:230,0
DA:231,0
DA:232,0
DA:233,0
DA:234,0
DA:235,0
DA:236,0
DA:237,0
DA:238,0
DA:239,0
DA:240,0
DA:241,0
DA:242,0
DA:243,0
DA:244,5
DA:245,0
DA:246,0
DA:247,0
DA:248,0
DA:249,0
DA:250,0
DA:251,0
DA:252,0
DA:253,0
DA:254,0
DA:255,0
DA:256,0
DA:257,0
DA:258,0
DA:259,0
DA:260,0
DA:261,0
DA:262,0
DA:263,0
DA:264,0
DA:265,0
DA:266,0
DA:267,0
DA:268,0
DA:269,0
DA:270,0
DA:271,0
DA:272,0
DA:273,0
DA:274,0
DA:275,0
DA:276,0
DA:277,0
DA:278,0
DA:279,0
DA:280,0
DA:281,0
DA:282,0
DA:283,5
DA:284,0
DA:285,0
DA:286,0
DA:287,0
DA:288,0
DA:289,0
DA:290,0
DA:291,0
DA:292,0
DA:293,0
DA:294,0
DA:295,0
DA:296,0
DA:297,0
DA:298,0
DA:299,5
DA:300,5
DA:301,0
DA:302,0
DA:303,0
DA:304,0
DA:305,0
DA:306,0
DA:307,0
DA:308,0
DA:309,0
DA:310,0
DA:311,0
DA:312,0
DA:313,0
DA:314,0
DA:315,0
DA:316,0
DA:317,0
DA:318,0
DA:319,0
DA:320,0
DA:321,0
DA:322,0
DA:323,0
DA:324,0
DA:325,0
DA:326,0
DA:327,0
DA:328,0
DA:329,0
DA:330,0
DA:331,0
DA:332,0
DA:333,0
DA:334,0
DA:335,0
DA:336,0
DA:337,0
DA:338,0
DA:339,0
DA:340,0
DA:341,0
DA:342,0
DA:343,0
DA:344,0
DA:345,5
DA:346,5
DA:347,0
DA:348,0
DA:349,0
DA:350,0
DA:351,0
DA:352,0
DA:353,0
DA:354,0
DA:355,0
DA:356,0
DA:357,0
DA:358,0
DA:359,0
DA:360,0
DA:361,0
DA:362,0
DA:363,0
DA:364,0
DA:365,0
DA:366,0
DA:367,0
DA:368,0
DA:369,0
DA:370,0
DA:371,0
DA:372,0
DA:373,0
DA:374,0
DA:375,0
DA:376,0
DA:377,0
DA:378,0
DA:379,0
DA:380,0
DA:381,0
DA:382,0
DA:383,0
DA:384,0
DA:385,0
DA:386,0
DA:387,0
DA:388,0
DA:389,0
DA:390,0
DA:391,0
DA:392,0
DA:393,0
DA:394,0
DA:395,0
DA:396,0
DA:397,0
DA:398,5
DA:399,5
DA:400,0
DA:401,0
DA:402,0
DA:403,0
DA:404,0
DA:405,0
DA:406,0
DA:407,0
DA:408,0
DA:409,0
DA:410,0
DA:411,0
DA:412,0
DA:413,0
DA:414,0
DA:415,0
DA:416,0
DA:417,0
DA:418,0
DA:419,0
DA:420,0
DA:421,0
DA:422,0
DA:423,0
DA:424,0
DA:425,0
DA:426,0
DA:427,0
DA:428,0
DA:429,0
DA:430,0
DA:431,0
DA:432,0
DA:433,0
DA:434,0
DA:435,0
DA:436,0
DA:437,0
DA:438,0
DA:439,0
DA:440,0
DA:441,0
DA:442,5
DA:443,5
DA:444,0
DA:445,0
DA:446,0
DA:447,0
DA:448,0
DA:449,0
DA:450,0
DA:451,0
DA:452,0
DA:453,0
DA:454,0
DA:455,0
DA:456,0
DA:457,0
DA:458,0
DA:459,0
DA:460,0
DA:461,0
DA:462,0
DA:463,0
DA:464,0
DA:465,0
DA:466,0
DA:467,0
DA:468,0
DA:469,0
DA:470,5
DA:471,5
DA:472,0
DA:473,0
DA:474,0
DA:475,0
DA:476,0
DA:477,0
DA:478,0
DA:479,0
DA:480,0
DA:481,0
DA:482,0
DA:483,0
DA:484,0
DA:485,0
DA:486,0
DA:487,0
DA:488,0
DA:489,0
DA:490,0
DA:491,0
DA:492,0
DA:493,0
DA:494,0
DA:495,0
DA:496,0
DA:497,0
DA:498,0
DA:499,0
DA:500,0
DA:501,0
DA:502,0
DA:503,0
DA:504,0
DA:505,0
DA:506,0
DA:507,0
DA:508,0
DA:509,0
DA:510,5
DA:511,5
DA:512,5
DA:513,5
DA:514,2016
DA:515,144
DA:516,72
DA:517,9
DA:518,9
DA:519,9
DA:520,9
DA:521,9
DA:522,9
DA:523,9
DA:524,9
DA:525,504
DA:526,504
DA:527,504
DA:528,504
DA:529,504
DA:530,9
DA:531,63
DA:532,63
DA:533,63
DA:534,63
DA:535,63
DA:536,63
DA:537,9
DA:538,9
DA:539,0
DA:540,0
DA:541,0
DA:542,0
DA:543,0
DA:544,0
DA:545,0
DA:546,0
DA:547,0
DA:548,0
DA:549,0
DA:550,0
DA:551,0
DA:552,0
DA:553,0
DA:554,0
DA:555,0
DA:556,0
DA:557,0
DA:558,0
DA:559,0
DA:560,0
DA:561,9
DA:562,9
DA:563,9
DA:564,5
DA:565,5
DA:566,5
DA:567,5
DA:568,5
DA:569,5
DA:570,4
DA:571,4
DA:572,4
DA:573,4
DA:574,4
DA:575,4
DA:576,4
DA:577,4
DA:578,4
DA:579,4
DA:580,4
DA:581,4
DA:582,8
DA:583,0
DA:584,0
DA:585,0
DA:586,0
DA:587,0
DA:588,0
DA:589,0
DA:590,0
DA:591,0
DA:592,0
DA:593,0
DA:594,4
DA:595,8
DA:596,4
DA:597,9
DA:598,5
DA:599,5
DA:600,5
DA:601,5
DA:602,5
DA:603,5
DA:604,5
DA:605,5
DA:606,5
DA:607,5
DA:608,5
DA:609,5
DA:610,5
DA:611,5
DA:612,5
DA:613,5
DA:614,5
DA:615,5
DA:616,5
DA:617,5
DA:618,5
DA:619,5
DA:620,5
DA:621,5
DA:622,5
DA:623,5
DA:624,5
DA:625,5
DA:626,5
DA:627,5
DA:628,0
DA:629,0
DA:630,0
DA:631,0
DA:632,0
DA:633,0
DA:634,0
DA:635,0
DA:636,0
DA:637,0
DA:638,0
DA:639,0
DA:640,0
DA:641,0
DA:642,0
DA:643,0
DA:644,0
DA:645,0
DA:646,0
DA:647,0
DA:648,0
DA:649,0
DA:650,0
DA:651,0
DA:652,0
DA:653,0
DA:654,0
DA:655,0
DA:656,0
DA:657,0
DA:658,0
DA:659,0
DA:660,0
DA:661,0
DA:662,0
DA:663,0
DA:664,0
DA:665,0
DA:666,0
DA:667,5
DA:668,5
DA:669,5
DA:670,5
DA:671,0
DA:672,0
DA:673,0
DA:674,0
DA:675,0
DA:676,0
DA:677,0
DA:678,0
DA:679,0
DA:680,0
DA:681,0
DA:682,0
DA:683,0
DA:684,0
DA:685,0
DA:686,0
DA:687,0
DA:688,0
DA:689,0
DA:690,0
DA:691,0
DA:692,5
DA:693,5
DA:694,0
DA:695,0
DA:696,0
DA:697,0
DA:698,0
DA:699,0
DA:700,0
DA:701,0
DA:702,0
DA:703,0
DA:704,0
DA:705,0
DA:706,0
DA:707,0
DA:708,0
DA:709,0
DA:710,0
DA:711,0
DA:712,0
DA:713,0
DA:714,0
DA:715,0
DA:716,0
DA:717,0
DA:718,0
DA:719,0
DA:720,0
DA:721,0
DA:722,0
DA:723,0
DA:724,0
DA:725,0
DA:726,0
DA:727,0
DA:728,0
DA:729,0
DA:730,0
DA:731,0
DA:732,0
DA:733,0
DA:734,0
DA:735,0
DA:736,0
DA:737,0
DA:738,0
DA:739,0
DA:740,0
DA:741,0
DA:742,0
DA:743,0
DA:744,0
DA:745,0
DA:746,0
DA:747,0
DA:748,0
DA:749,0
DA:750,0
DA:751,0
DA:752,0
DA:753,0
DA:754,0
DA:755,0
DA:756,0
DA:757,0
DA:758,0
DA:759,0
DA:760,0
DA:761,0
DA:762,0
DA:763,0
DA:764,0
DA:765,5
DA:766,5
DA:767,0
DA:768,0
DA:769,0
DA:770,0
DA:771,0
DA:772,0
DA:773,0
DA:774,0
DA:775,0
DA:776,0
DA:777,0
DA:778,0
DA:779,0
DA:780,0
DA:781,0
DA:782,0
DA:783,0
DA:784,0
DA:785,0
DA:786,0
DA:787,0
DA:788,0
DA:789,0
DA:790,0
DA:791,0
DA:792,0
DA:793,0
DA:794,0
DA:795,0
DA:796,0
DA:797,0
DA:798,0
DA:799,0
DA:800,0
DA:801,0
DA:802,0
DA:803,0
DA:804,0
DA:805,0
DA:806,0
DA:807,0
DA:808,0
DA:809,0
DA:810,0
DA:811,5
DA:812,5
DA:813,5
DA:814,5
DA:815,5
DA:816,5
DA:817,4
DA:818,4
DA:819,5
DA:820,4
DA:821,4
DA:822,0
DA:823,0
DA:824,0
DA:825,0
DA:826,5
DA:827,0
DA:828,0
DA:829,5
LF:829
LH:164
BRDA:1,0,0,5
BRDA:1,1,0,5
BRDA:1,2,0,0
BRDA:1,3,0,0
BRDA:514,4,0,2016
BRDA:515,5,0,144
BRDA:516,6,0,72
BRDA:517,7,0,9
BRDA:519,8,0,72
BRDA:523,9,0,144
BRDA:530,10,0,63
BRDA:537,11,0,72
BRDA:524,12,0,504
BRDA:561,13,0,9
BRDA:563,14,0,5
BRDA:567,15,0,40
BRDA:570,16,0,8
BRDA:570,17,0,4
BRDA:582,18,0,0
BRDA:594,19,0,4
BRDA:595,20,0,32
BRDA:596,21,0,4
BRDA:568,22,0,160
BRDA:596,23,0,128
BRDA:668,24,0,5
BRDA:669,25,0,50
BRDA:669,26,0,400
BRDA:814,27,0,5
BRDA:817,28,0,4
BRDA:819,29,0,4
BRDA:821,30,0,0
BRDA:826,31,0,0
BRF:32
BRH:27
end_of_record
TN:
SF:Metadata\metadata.js
FN:4,readMetadata
FN:30,parseJPEGExif
FN:84,parseIFD
FN:127,handleReadMetadata
FNF:4
FNH:0
FNDA:0,readMetadata
FNDA:0,parseJPEGExif
FNDA:0,parseIFD
FNDA:0,handleReadMetadata
DA:1,5
DA:2,5
DA:3,5
DA:4,0
DA:5,0
DA:6,0
DA:7,0
DA:8,0
DA:9,0
DA:10,0
DA:11,0
DA:12,0
DA:13,0
DA:14,0
DA:15,0
DA:16,0
DA:17,0
DA:18,0
DA:19,0
DA:20,0
DA:21,0
DA:22,0
DA:23,0
DA:24,0
DA:25,0
DA:26,0
DA:27,0
DA:28,5
DA:29,5
DA:30,0
DA:31,0
DA:32,0
DA:33,0
DA:34,0
DA:35,0
DA:36,0
DA:37,0
DA:38,0
DA:39,0
DA:40,0
DA:41,0
DA:42,0
DA:43,0
DA:44,0
DA:45,0
DA:46,0
DA:47,0
DA:48,0
DA:49,0
DA:50,0
DA:51,0
DA:52,0
DA:53,0
DA:54,0
DA:55,0
DA:56,0
DA:57,0
DA:58,0
DA:59,0
DA:60,0
DA:61,0
DA:62,5
DA:63,5
DA:64,5
DA:65,5
DA:66,5
DA:67,5
DA:68,5
DA:69,5
DA:70,5
DA:71,5
DA:72,5
DA:73,5
DA:74,5
DA:75,5
DA:76,5
DA:77,5
DA:78,5
DA:79,5
DA:80,5
DA:81,5
DA:82,5
DA:83,5
DA:84,0
DA:85,0
DA:86,0
DA:87,0
DA:88,0
DA:89,0
DA:90,0
DA:91,0
DA:92,0
DA:93,0
DA:94,0
DA:95,0
DA:96,0
DA:97,0
DA:98,0
DA:99,0
DA:100,0
DA:101,0
DA:102,0
DA:103,0
DA:104,0
DA:105,0
DA:106,0
DA:107,0
DA:108,0
DA:109,0
DA:110,0
DA:111,0
DA:112,0
DA:113,0
DA:114,0
DA:115,0
DA:116,0
DA:117,0
DA:118,0
DA:119,0
DA:120,0
DA:121,0
DA:122,0
DA:123,0
DA:124,0
DA:125,5
DA:126,5
DA:127,0
DA:128,0
DA:129,0
DA:130,0
DA:131,0
DA:132,0
DA:133,0
DA:134,0
DA:135,0
DA:136,0
DA:137,0
DA:138,0
DA:139,0
DA:140,0
DA:141,0
DA:142,0
DA:143,0
DA:144,0
DA:145,0
DA:146,0
DA:147,0
DA:148,0
DA:149,0
DA:150,0
DA:151,0
DA:152,0
DA:153,0
DA:154,0
DA:155,0
DA:156,0
DA:157,0
DA:158,0
DA:159,0
DA:160,0
DA:161,0
DA:162,0
DA:163,0
DA:164,0
DA:165,0
DA:166,0
DA:167,0
DA:168,0
DA:169,0
DA:170,0
DA:171,0
DA:172,0
DA:173,0
LF:173
LH:29
BRDA:1,0,0,5
BRDA:1,1,0,5
BRDA:1,2,0,0
BRDA:1,3,0,0
BRF:4
BRH:2
end_of_record
TN:
SF:cli\index.js
FNF:0
FNH:0
DA:1,28
DA:2,28
DA:3,28
DA:4,28
DA:5,28
DA:6,28
DA:7,28
DA:8,28
DA:9,28
DA:10,28
DA:11,28
DA:12,28
DA:13,28
DA:14,28
DA:15,28
DA:16,28
DA:17,28
DA:18,28
DA:19,28
DA:20,28
DA:21,28
DA:22,28
DA:23,28
DA:24,28
DA:25,28
DA:26,28
DA:27,28
DA:28,28
DA:29,28
DA:30,28
DA:31,28
DA:32,28
DA:33,28
DA:34,28
DA:35,28
DA:36,28
DA:37,28
DA:38,28
DA:39,28
DA:40,28
DA:41,28
DA:42,28
DA:43,28
DA:44,28
DA:45,28
DA:46,8
DA:47,8
DA:48,28
DA:49,28
DA:50,28
DA:51,28
DA:52,28
DA:53,28
DA:54,28
DA:55,28
DA:56,28
DA:57,28
DA:58,28
DA:59,28
DA:60,28
DA:61,28
DA:62,28
DA:63,3
DA:64,3
DA:65,28
DA:66,28
DA:67,28
DA:68,28
DA:69,28
DA:70,28
DA:71,28
DA:72,28
DA:73,28
DA:74,28
DA:75,3
DA:76,3
DA:77,28
DA:78,28
DA:79,28
DA:80,28
DA:81,28
DA:82,28
DA:83,28
DA:84,28
DA:85,28
DA:86,28
DA:87,28
DA:88,5
DA:89,5
DA:90,28
DA:91,28
DA:92,28
DA:93,28
DA:94,28
DA:95,28
DA:96,28
DA:97,28
DA:98,28
DA:99,28
DA:100,28
DA:101,0
DA:102,0
DA:103,28
DA:104,28
DA:105,28
DA:106,28
DA:107,28
DA:108,28
DA:109,28
DA:110,28
DA:111,28
DA:112,28
DA:113,28
DA:114,28
DA:115,28
DA:116,3
DA:117,3
DA:118,28
DA:119,28
DA:120,28
DA:121,28
DA:122,28
DA:123,28
DA:124,28
DA:125,28
DA:126,28
DA:127,28
DA:128,28
DA:129,28
DA:130,28
DA:131,28
DA:132,28
DA:133,28
DA:134,28
DA:135,28
DA:136,4
DA:137,4
DA:138,28
DA:139,28
DA:140,28
DA:141,28
DA:142,28
DA:143,28
DA:144,28
DA:145,28
DA:146,28
DA:147,0
DA:148,0
DA:149,0
DA:150,0
DA:151,0
DA:152,0
DA:153,0
DA:154,0
DA:155,0
DA:156,0
DA:157,0
DA:158,0
DA:159,28
DA:160,28
DA:161,28
LF:161
LH:147
BRDA:1,0,0,28
BRDA:45,1,0,8
BRDA:48,2,0,7
BRDA:62,3,0,3
BRDA:74,4,0,3
BRDA:87,5,0,5
BRDA:90,6,0,4
BRDA:115,7,0,3
BRDA:118,8,0,2
BRDA:135,9,0,4
BRF:10
BRH:10
end_of_record
TN:
SF:cli\utils.js
FN:13,readFileBytes
FN:24,readFileArrayBuffer
FN:32,getFileInfo
FN:55,hashNode
FN:63,loadImageData
FN:76,saveImageData
FN:89,fmtSize
FN:98,outputResult
FN:122,image/webp
FN:129,image/svg+xml
FN:137,audio/wav
FN:144,video/mp4
FN:149,video/avi
FN:177,isDangerousExt
FN:185,checkMagicBytes
FN:201,hasDangerousContent
FN:211,checkDocumentThreats
FN:225,checkFileStructure
FN:244,validateFile
FN:310,stripC2PA
FNF:20
FNH:13
FNDA:25,readFileBytes
FNDA:0,readFileArrayBuffer
FNDA:56,getFileInfo
FNDA:19,hashNode
FNDA:4,loadImageData
FNDA:0,saveImageData
FNDA:23,fmtSize
FNDA:11,outputResult
FNDA:0,image/webp
FNDA:0,image/svg+xml
FNDA:0,audio/wav
FNDA:0,video/mp4
FNDA:0,video/avi
FNDA:42,isDangerousExt
FNDA:29,checkMagicBytes
FNDA:29,hasDangerousContent
FNDA:4,checkDocumentThreats
FNDA:35,checkFileStructure
FNDA:35,validateFile
FNDA:11,stripC2PA
DA:1,27
DA:2,27
DA:3,27
DA:4,27
DA:5,27
DA:6,27
DA:7,27
DA:8,27
DA:9,27
DA:10,27
DA:11,27
DA:12,27
DA:13,25
DA:14,25
DA:15,25
DA:16,1
DA:17,1
DA:18,24
DA:19,25
DA:20,27
DA:21,27
DA:22,27
DA:23,27
DA:24,0
DA:25,0
DA:26,0
DA:27,0
DA:28,27
DA:29,27
DA:30,27
DA:31,27
DA:32,56
DA:33,56
DA:34,56
DA:35,56
DA:36,56
DA:37,56
DA:38,56
DA:39,56
DA:40,56
DA:41,56
DA:42,56
DA:43,56
DA:44,56
DA:45,56
DA:46,56
DA:47,56
DA:48,56
DA:49,56
DA:50,56
DA:51,27
DA:52,27
DA:53,27
DA:54,27
DA:55,19
DA:56,19
DA:57,19
DA:58,19
DA:59,27
DA:60,27
DA:61,27
DA:62,27
DA:63,4
DA:64,4
DA:65,4
DA:66,4
DA:67,4
DA:68,4
DA:69,4
DA:70,4
DA:71,4
DA:72,27
DA:73,27
DA:74,27
DA:75,27
DA:76,0
DA:77,0
DA:78,0
DA:79,0
DA:80,0
DA:81,0
DA:82,0
DA:83,0
DA:84,0
DA:85,27
DA:86,27
DA:87,27
DA:88,27
DA:89,23
DA:90,23
DA:91,8
DA:92,1
DA:93,23
DA:94,27
DA:95,27
DA:96,27
DA:97,27
DA:98,11
DA:99,11
DA:100,4
DA:101,11
DA:102,7
DA:103,7
DA:104,11
DA:105,2
DA:106,2
DA:107,2
DA:108,11
DA:109,27
DA:110,27
DA:111,27
DA:112,27
DA:113,27
DA:114,27
DA:115,27
DA:116,27
DA:117,27
DA:118,27
DA:119,27
DA:120,27
DA:121,27
DA:122,27
DA:123,0
DA:124,0
DA:125,0
DA:126,27
DA:127,27
DA:128,27
DA:129,27
DA:130,0
DA:131,0
DA:132,0
DA:133,0
DA:134,27
DA:135,27
DA:136,27
DA:137,27
DA:138,0
DA:139,0
DA:140,0
DA:141,27
DA:142,27
DA:143,27
DA:144,27
DA:145,0
DA:146,0
DA:147,27
DA:148,27
DA:149,27
DA:150,0
DA:151,0
DA:152,0
DA:153,0
DA:154,27
DA:155,27
DA:156,27
DA:157,27
DA:158,27
DA:159,27
DA:160,27
DA:161,27
DA:162,27
DA:163,27
DA:164,27
DA:165,27
DA:166,27
DA:167,27
DA:168,27
DA:169,27
DA:170,27
DA:171,27
DA:172,27
DA:173,27
DA:174,27
DA:175,27
DA:176,27
DA:177,42
DA:178,42
DA:179,42
DA:180,1597
DA:181,1597
DA:182,35
DA:183,42
DA:184,27
DA:185,29
DA:186,29
DA:187,29
DA:188,29
DA:189,29
DA:190,28
DA:191,28
DA:192,28
DA:193,28
DA:194,197
DA:195,197
DA:196,28
DA:197,28
DA:198,1
DA:199,29
DA:200,27
DA:201,29
DA:202,29
DA:203,29
DA:204,29
DA:205,29
DA:206,273
DA:207,273
DA:208,27
DA:209,29
DA:210,27
DA:211,4
DA:212,4
DA:213,4
DA:214,4
DA:215,4
DA:216,4
DA:217,4
DA:218,9
DA:219,2
DA:220,2
DA:221,9
DA:222,1
DA:223,4
DA:224,27
DA:225,35
DA:226,35
DA:227,35
DA:228,24
DA:229,24
DA:230,24
DA:231,24
DA:232,35
DA:233,5
DA:234,5
DA:235,5
DA:236,11
DA:237,0
DA:238,0
DA:239,0
DA:240,0
DA:241,33
DA:242,35
DA:243,27
DA:244,35
DA:245,35
DA:246,35
DA:247,35
DA:248,32
DA:249,32
DA:250,32
DA:251,32
DA:252,32
DA:253,35
DA:254,1
DA:255,1
DA:256,31
DA:257,31
DA:258,31
DA:259,31
DA:260,31
DA:261,35
DA:262,0
DA:263,0
DA:264,31
DA:265,31
DA:266,31
DA:267,25
DA:268,0
DA:269,0
DA:270,25
DA:271,31
DA:272,31
DA:273,33
DA:274,0
DA:275,0
DA:276,0
DA:277,0
DA:278,0
DA:279,31
DA:280,31
DA:281,31
DA:282,33
DA:283,0
DA:284,0
DA:285,31
DA:286,31
DA:287,35
DA:288,27
DA:289,27
DA:290,27
DA:291,27
DA:292,27
DA:293,27
DA:294,27
DA:295,27
DA:296,27
DA:297,27
DA:298,27
DA:299,27
DA:300,27
DA:301,27
DA:302,27
DA:303,27
DA:304,27
DA:305,27
DA:306,27
DA:307,27
DA:308,27
DA:309,27
DA:310,11
DA:311,11
DA:312,10
DA:313,10
DA:314,10
DA:315,40
DA:316,40
DA:317,40
DA:318,40
DA:319,40
DA:320,10
DA:321,11
LF:321
LH:277
BRDA:1,0,0,27
BRDA:13,1,0,25
BRDA:15,2,0,24
BRDA:15,3,0,1
BRDA:32,4,0,56
BRDA:47,5,0,6
BRDA:55,6,0,19
BRDA:57,7,0,752
BRDA:63,8,0,4
BRDA:65,9,0,4
BRDA:89,10,0,23
BRDA:90,11,0,17
BRDA:91,12,0,8
BRDA:91,13,0,6
BRDA:91,14,0,5
BRDA:92,15,0,1
BRDA:98,16,0,11
BRDA:99,17,0,4
BRDA:101,18,0,7
BRDA:104,19,0,2
BRDA:105,20,0,0
BRDA:177,21,0,42
BRDA:179,22,0,1597
BRDA:180,23,0,7
BRDA:182,24,0,35
BRDA:185,25,0,29
BRDA:187,26,0,1
BRDA:188,27,0,28
BRDA:188,28,0,0
BRDA:189,29,0,0
BRDA:190,30,0,28
BRDA:193,31,0,197
BRDA:194,32,0,1
BRDA:196,33,0,27
BRDA:198,34,0,1
BRDA:201,35,0,29
BRDA:202,36,0,0
BRDA:205,37,0,273
BRDA:206,38,0,2
BRDA:208,39,0,27
BRDA:211,40,0,4
BRDA:212,41,0,0
BRDA:216,42,0,1
BRDA:217,43,0,3
BRDA:217,44,0,9
BRDA:218,45,0,2
BRDA:222,46,0,1
BRDA:225,47,0,35
BRDA:226,48,0,0
BRDA:227,49,0,24
BRDA:228,50,0,0
BRDA:230,51,0,23
BRDA:230,52,0,23
BRDA:230,53,0,23
BRDA:231,54,0,1
BRDA:232,55,0,11
BRDA:232,56,0,6
BRDA:232,57,0,5
BRDA:233,58,0,0
BRDA:235,59,0,1
BRDA:236,60,0,6
BRDA:236,61,0,0
BRDA:241,62,0,33
BRDA:244,63,0,35
BRDA:245,64,0,4
BRDA:247,65,0,3
BRDA:248,66,0,32
BRDA:253,67,0,33
BRDA:253,68,0,1
BRDA:256,69,0,31
BRDA:261,70,0,25
BRDA:261,71,0,33
BRDA:261,72,0,0
BRDA:264,73,0,31
BRDA:266,74,0,25
BRDA:267,75,0,0
BRDA:273,76,0,0
BRDA:279,77,0,31
BRDA:282,78,0,0
BRDA:285,79,0,31
BRDA:310,80,0,11
BRDA:311,81,0,10
BRDA:311,82,0,10
BRDA:311,83,0,1
BRDA:312,84,0,10
BRDA:314,85,0,40
BRF:86
BRH:73
end_of_record
TN:
SF:cli\commands\c2pa.js
FN:51,signWithECKey
FN:58,genC2PAManifest
FN:86,findC2PAInFile
FN:125,parseC2PAFromBuffer
FN:141,runC2pa
FN:162,doSign
FN:216,embedC2PAJPEG
FN:245,findJPEGMarker
FN:253,embedC2PAPNG
FN:276,findPNGChunk
FN:292,crc32
FN:303,doRead
FN:333,doVerify
FNF:13
FNH:9
FNDA:1,signWithECKey
FNDA:1,genC2PAManifest
FNDA:1,findC2PAInFile
FNDA:0,parseC2PAFromBuffer
FNDA:3,runC2pa
FNDA:1,doSign
FNDA:0,embedC2PAJPEG
FNDA:0,findJPEGMarker
FNDA:1,embedC2PAPNG
FNDA:1,findPNGChunk
FNDA:1,crc32
FNDA:1,doRead
FNDA:0,doVerify
DA:1,3
DA:2,3
DA:3,3
DA:4,3
DA:5,3
DA:6,3
DA:7,3
DA:8,3
DA:9,3
DA:10,3
DA:11,3
DA:12,3
DA:13,3
DA:14,3
DA:15,3
DA:16,3
DA:17,3
DA:18,3
DA:19,3
DA:20,3
DA:21,3
DA:22,3
DA:23,3
DA:24,3
DA:25,3
DA:26,3
DA:27,3
DA:28,3
DA:29,3
DA:30,3
DA:31,3
DA:32,3
DA:33,3
DA:34,3
DA:35,3
DA:36,3
DA:37,3
DA:38,3
DA:39,3
DA:40,3
DA:41,3
DA:42,3
DA:43,3
DA:44,3
DA:45,3
DA:46,3
DA:47,3
DA:48,3
DA:49,3
DA:50,3
DA:51,1
DA:52,1
DA:53,1
DA:54,1
DA:55,1
DA:56,1
DA:57,3
DA:58,1
DA:59,1
DA:60,1
DA:61,1
DA:62,1
DA:63,1
DA:64,1
DA:65,1
DA:66,1
DA:67,1
DA:68,1
DA:69,1
DA:70,0
DA:71,0
DA:72,1
DA:73,1
DA:74,1
DA:75,1
DA:76,1
DA:77,1
DA:78,1
DA:79,1
DA:80,1
DA:81,1
DA:82,1
DA:83,1
DA:84,3
DA:85,3
DA:86,1
DA:87,1
DA:88,1
DA:89,1
DA:90,1
DA:91,0
DA:92,0
DA:93,0
DA:94,0
DA:95,0
DA:96,0
DA:97,0
DA:98,0
DA:99,0
DA:100,0
DA:101,0
DA:102,0
DA:103,0
DA:104,0
DA:105,0
DA:106,1
DA:107,1
DA:108,1
DA:109,1
DA:110,1
DA:111,4
DA:112,4
DA:113,4
DA:114,4
DA:115,4
DA:116,4
DA:117,0
DA:118,0
DA:119,4
DA:120,4
DA:121,1
DA:122,1
DA:123,1
DA:124,3
DA:125,0
DA:126,0
DA:127,0
DA:128,0
DA:129,0
DA:130,0
DA:131,0
DA:132,0
DA:133,0
DA:134,0
DA:135,0
DA:136,0
DA:137,0
DA:138,0
DA:139,3
DA:140,3
DA:141,3
DA:142,3
DA:143,3
DA:144,3
DA:145,3
DA:146,3
DA:147,0
DA:148,0
DA:149,0
DA:150,0
DA:151,2
DA:152,2
DA:153,1
DA:154,0
DA:155,0
DA:156,3
DA:157,0
DA:158,0
DA:159,0
DA:160,3
DA:161,3
DA:162,1
DA:163,1
DA:164,1
DA:165,1
DA:166,1
DA:167,1
DA:168,1
DA:169,1
DA:170,1
DA:171,1
DA:172,1
DA:173,1
DA:174,1
DA:175,1
DA:176,1
DA:177,1
DA:178,1
DA:179,1
DA:180,1
DA:181,1
DA:182,1
DA:183,1
DA:184,1
DA:185,1
DA:186,1
DA:187,1
DA:188,1
DA:189,1
DA:190,1
DA:191,1
DA:192,0
DA:193,1
DA:194,1
DA:195,1
DA:196,0
DA:197,0
DA:198,0
DA:199,0
DA:200,0
DA:201,0
DA:202,0
DA:203,0
DA:204,0
DA:205,0
DA:206,1
DA:207,1
DA:208,1
DA:209,1
DA:210,1
DA:211,1
DA:212,1
DA:213,1
DA:214,3
DA:215,3
DA:216,0
DA:217,0
DA:218,0
DA:219,0
DA:220,0
DA:221,0
DA:222,0
DA:223,0
DA:224,0
DA:225,0
DA:226,0
DA:227,0
DA:228,0
DA:229,0
DA:230,0
DA:231,0
DA:232,0
DA:233,0
DA:234,0
DA:235,0
DA:236,0
DA:237,0
DA:238,0
DA:239,0
DA:240,0
DA:241,0
DA:242,0
DA:243,0
DA:244,3
DA:245,0
DA:246,0
DA:247,0
DA:248,0
DA:249,0
DA:250,0
DA:251,3
DA:252,3
DA:253,1
DA:254,1
DA:255,1
DA:256,1
DA:257,1
DA:258,1
DA:259,1
DA:260,1
DA:261,1
DA:262,1
DA:263,1
DA:264,1
DA:265,1
DA:266,1
DA:267,1
DA:268,1
DA:269,1
DA:270,1
DA:271,1
DA:272,1
DA:273,1
DA:274,1
DA:275,3
DA:276,1
DA:277,1
DA:278,1
DA:279,1
DA:280,3
DA:281,3
DA:282,3
DA:283,7
DA:284,7
DA:285,3
DA:286,2
DA:287,2
DA:288,0
DA:289,1
DA:290,3
DA:291,3
DA:292,1
DA:293,1
DA:294,1
DA:295,3041
DA:296,3041
DA:297,24328
DA:298,24328
DA:299,3041
DA:300,1
DA:301,1
DA:302,3
DA:303,1
DA:304,1
DA:305,1
DA:306,1
DA:307,1
DA:308,1
DA:309,1
DA:310,1
DA:311,1
DA:312,1
DA:313,1
DA:314,0
DA:315,0
DA:316,0
DA:317,1
DA:318,1
DA:319,1
DA:320,1
DA:321,1
DA:322,1
DA:323,1
DA:324,0
DA:325,0
DA:326,0
DA:327,0
DA:328,0
DA:329,0
DA:330,0
DA:331,1
DA:332,3
DA:333,0
DA:334,0
DA:335,0
DA:336,0
DA:337,0
DA:338,0
DA:339,0
DA:340,0
DA:341,0
DA:342,0
DA:343,0
DA:344,0
DA:345,0
DA:346,0
DA:347,0
DA:348,0
DA:349,0
DA:350,0
DA:351,0
DA:352,0
DA:353,0
DA:354,0
DA:355,0
DA:356,0
DA:357,0
DA:358,0
DA:359,0
DA:360,0
DA:361,0
DA:362,0
DA:363,0
DA:364,0
DA:365,0
DA:366,0
DA:367,0
DA:368,0
DA:369,3
DA:370,3
LF:370
LH:236
BRDA:1,0,0,3
BRDA:51,1,0,1
BRDA:58,2,0,1
BRDA:69,3,0,0
BRDA:86,4,0,1
BRDA:90,5,0,0
BRDA:110,6,0,4
BRDA:116,7,0,0
BRDA:116,8,0,0
BRDA:116,9,0,0
BRDA:141,10,0,3
BRDA:144,11,0,1
BRDA:145,12,0,2
BRDA:146,13,0,2
BRDA:146,14,0,0
BRDA:152,15,0,1
BRDA:154,16,0,0
BRDA:156,17,0,0
BRDA:162,18,0,1
BRDA:185,19,0,0
BRDA:191,20,0,0
BRDA:195,21,0,0
BRDA:253,22,0,1
BRDA:255,23,0,0
BRDA:276,24,0,1
BRDA:279,25,0,3
BRDA:282,26,0,7
BRDA:283,27,0,2
BRDA:285,28,0,1
BRDA:286,29,0,2
BRDA:288,30,0,0
BRDA:292,31,0,1
BRDA:294,32,0,3041
BRDA:296,33,0,24328
BRDA:297,34,0,12201
BRDA:297,35,0,12127
BRDA:303,36,0,1
BRDA:313,37,0,0
BRDA:323,38,0,0
BRF:39
BRH:24
end_of_record
TN:
SF:cli\commands\fingerprint.js
FN:18,digest
FN:43,createElement
FN:53,globalThis.loadImage
FN:75,console.log
FN:76,console.warn
FN:88,runFingerprint
FN:115,yieldLoop
FNF:7
FNH:2
FNDA:0,digest
FNDA:0,createElement
FNDA:0,globalThis.loadImage
FNDA:0,console.log
FNDA:0,console.warn
FNDA:8,runFingerprint
FNDA:68,yieldLoop
DA:1,8
DA:2,8
DA:3,8
DA:4,8
DA:5,8
DA:6,8
DA:7,8
DA:8,8
DA:9,8
DA:10,8
DA:11,8
DA:12,8
DA:13,8
DA:14,8
DA:15,8
DA:16,0
DA:17,0
DA:18,0
DA:19,0
DA:20,0
DA:21,0
DA:22,0
DA:23,0
DA:24,0
DA:25,0
DA:26,0
DA:27,0
DA:28,0
DA:29,0
DA:30,0
DA:31,0
DA:32,0
DA:33,8
DA:34,8
DA:35,8
DA:36,8
DA:37,8
DA:38,8
DA:39,8
DA:40,8
DA:41,8
DA:42,8
DA:43,8
DA:44,0
DA:45,0
DA:46,0
DA:47,8
DA:48,8
DA:49,8
DA:50,8
DA:51,8
DA:52,8
DA:53,8
DA:54,0
DA:55,0
DA:56,0
DA:57,0
DA:58,0
DA:59,0
DA:60,0
DA:61,0
DA:62,0
DA:63,0
DA:64,0
DA:65,0
DA:66,0
DA:67,0
DA:68,8
DA:69,8
DA:70,8
DA:71,8
DA:72,8
DA:73,8
DA:74,8
DA:75,8
DA:76,8
DA:77,8
DA:78,8
DA:79,8
DA:80,8
DA:81,8
DA:82,8
DA:83,8
DA:84,8
DA:85,8
DA:86,8
DA:87,8
DA:88,8
DA:89,8
DA:90,8
DA:91,8
DA:92,8
DA:93,8
DA:94,8
DA:95,8
DA:96,1
DA:97,1
DA:98,0
DA:99,0
DA:100,1
DA:101,1
DA:102,7
DA:103,7
DA:104,7
DA:105,7
DA:106,7
DA:107,7
DA:108,7
DA:109,7
DA:110,7
DA:111,7
DA:112,7
DA:113,7
DA:114,7
DA:115,7
DA:116,7
DA:117,7
DA:118,7
DA:119,7
DA:120,8
DA:121,4
DA:122,4
DA:123,4
DA:124,4
DA:125,4
DA:126,4
DA:127,4
DA:128,4
DA:129,4
DA:130,4
DA:131,4
DA:132,4
DA:133,4
DA:134,4
DA:135,4
DA:136,4
DA:137,4
DA:138,4
DA:139,7
DA:140,3
DA:141,3
DA:142,0
DA:143,0
DA:144,0
DA:145,0
DA:146,3
DA:147,3
DA:148,3
DA:149,3
DA:150,3
DA:151,0
DA:152,0
DA:153,0
DA:154,0
DA:155,0
DA:156,0
DA:157,0
DA:158,3
DA:159,7
DA:160,7
DA:161,7
DA:162,7
DA:163,7
DA:164,7
DA:165,7
DA:166,7
DA:167,7
DA:168,7
DA:169,7
DA:170,7
DA:171,7
DA:172,7
DA:173,7
DA:174,7
DA:175,7
DA:176,7
DA:177,7
DA:178,7
DA:179,0
DA:180,0
DA:181,7
DA:182,7
DA:183,7
DA:184,7
DA:185,7
DA:186,7
DA:187,7
DA:188,7
DA:189,7
DA:190,7
DA:191,7
DA:192,8
DA:193,8
DA:194,8
DA:195,8
DA:196,8
DA:197,3
DA:198,3
DA:199,7
DA:200,4
DA:201,4
DA:202,4
DA:203,4
DA:204,4
DA:205,4
DA:206,4
DA:207,4
DA:208,4
DA:209,4
DA:210,4
DA:211,4
DA:212,4
DA:213,4
DA:214,20
DA:215,20
DA:216,12
DA:217,12
DA:218,36
DA:219,36
DA:220,12
DA:221,12
DA:222,4
DA:223,4
DA:224,4
DA:225,4
DA:226,16
DA:227,16
DA:228,4
DA:229,4
DA:230,4
DA:231,4
DA:232,4
DA:233,8
DA:234,8
DA:235,0
DA:236,0
DA:237,0
DA:238,8
DA:239,8
DA:240,8
LF:240
LH:188
BRDA:1,0,0,8
BRDA:15,1,0,0
BRDA:88,2,0,8
BRDA:95,3,0,1
BRDA:97,4,0,0
BRDA:102,5,0,7
BRDA:120,6,0,5
BRDA:120,7,0,7
BRDA:120,8,0,4
BRDA:126,9,0,0
BRDA:127,10,0,0
BRDA:128,11,0,0
BRDA:129,12,0,0
BRDA:130,13,0,0
BRDA:131,14,0,0
BRDA:132,15,0,0
BRDA:133,16,0,0
BRDA:134,17,0,0
BRDA:135,18,0,0
BRDA:136,19,0,0
BRDA:137,20,0,0
BRDA:138,21,0,0
BRDA:139,22,0,3
BRDA:141,23,0,0
BRDA:150,24,0,0
BRDA:177,25,0,0
BRDA:178,26,0,0
BRDA:192,27,0,0
BRDA:196,28,0,7
BRDA:196,29,0,3
BRDA:199,30,0,4
BRDA:213,31,0,20
BRDA:215,32,0,8
BRDA:216,33,0,12
BRDA:217,34,0,36
BRDA:225,35,0,16
BRDA:234,36,0,0
BRDA:115,37,0,68
BRDA:115,38,0,68
BRDA:214,39,0,68
BRF:40
BRH:19
end_of_record
TN:
SF:cli\commands\metadata.js
FN:14,digest
FN:30,console.log
FN:31,console.warn
FN:44,runMetadata
FNF:4
FNH:1
FNDA:0,digest
FNDA:0,console.log
FNDA:0,console.warn
FNDA:5,runMetadata
DA:1,5
DA:2,5
DA:3,5
DA:4,5
DA:5,5
DA:6,5
DA:7,5
DA:8,5
DA:9,5
DA:10,5
DA:11,5
DA:12,0
DA:13,0
DA:14,0
DA:15,0
DA:16,0
DA:17,0
DA:18,0
DA:19,0
DA:20,0
DA:21,5
DA:22,5
DA:23,5
DA:24,5
DA:25,5
DA:26,5
DA:27,5
DA:28,5
DA:29,5
DA:30,5
DA:31,5
DA:32,5
DA:33,5
DA:34,5
DA:35,5
DA:36,5
DA:37,5
DA:38,5
DA:39,5
DA:40,5
DA:41,5
DA:42,5
DA:43,5
DA:44,5
DA:45,5
DA:46,5
DA:47,5
DA:48,5
DA:49,5
DA:50,1
DA:51,1
DA:52,1
DA:53,1
DA:54,4
DA:55,4
DA:56,4
DA:57,4
DA:58,4
DA:59,4
DA:60,4
DA:61,4
DA:62,4
DA:63,4
DA:64,4
DA:65,4
DA:66,4
DA:67,4
DA:68,4
DA:69,4
DA:70,4
DA:71,0
DA:72,0
DA:73,4
DA:74,4
DA:75,4
DA:76,5
DA:77,1
DA:78,1
DA:79,0
DA:80,0
DA:81,1
DA:82,4
DA:83,4
DA:84,4
DA:85,4
DA:86,4
DA:87,4
DA:88,4
DA:89,4
DA:90,4
DA:91,4
DA:92,5
DA:93,5
DA:94,5
DA:95,5
DA:96,5
DA:97,1
DA:98,4
DA:99,3
DA:100,3
DA:101,3
DA:102,3
DA:103,3
DA:104,3
DA:105,3
DA:106,3
DA:107,3
DA:108,3
DA:109,3
DA:110,3
DA:111,0
DA:112,0
DA:113,0
DA:114,0
DA:115,3
DA:116,3
DA:117,3
DA:118,3
DA:119,3
DA:120,3
DA:121,5
DA:122,5
DA:123,0
DA:124,0
DA:125,0
DA:126,5
DA:127,5
DA:128,5
LF:128
LH:108
BRDA:1,0,0,5
BRDA:11,1,0,0
BRDA:44,2,0,5
BRDA:49,3,0,1
BRDA:51,4,0,0
BRDA:54,5,0,4
BRDA:70,6,0,0
BRDA:76,7,0,1
BRDA:76,8,0,4
BRDA:76,9,0,1
BRDA:78,10,0,0
BRDA:92,11,0,0
BRDA:92,12,0,4
BRDA:96,13,0,4
BRDA:96,14,0,1
BRDA:98,15,0,3
BRDA:110,16,0,0
BRDA:122,17,0,0
BRF:18
BRH:11
end_of_record
TN:
SF:cli\commands\pixel_injection.js
FN:14,createElement
FN:19,addEventListener
FN:20,getElementById
FN:33,runPixelInjection
FNF:4
FNH:1
FNDA:0,createElement
FNDA:0,addEventListener
FNDA:0,getElementById
FNDA:4,runPixelInjection
DA:1,4
DA:2,4
DA:3,4
DA:4,4
DA:5,4
DA:6,4
DA:7,4
DA:8,4
DA:9,4
DA:10,4
DA:11,4
DA:12,4
DA:13,4
DA:14,4
DA:15,0
DA:16,0
DA:17,0
DA:18,4
DA:19,4
DA:20,4
DA:21,4
DA:22,4
DA:23,4
DA:24,4
DA:25,4
DA:26,4
DA:27,4
DA:28,4
DA:29,4
DA:30,4
DA:31,4
DA:32,4
DA:33,4
DA:34,4
DA:35,4
DA:36,4
DA:37,4
DA:38,4
DA:39,4
DA:40,4
DA:41,4
DA:42,0
DA:43,0
DA:44,0
DA:45,0
DA:46,4
DA:47,3
DA:48,0
DA:49,0
DA:50,3
DA:51,4
DA:52,4
DA:53,4
DA:54,4
DA:55,4
DA:56,0
DA:57,0
DA:58,0
DA:59,0
DA:60,4
DA:61,4
DA:62,4
DA:63,4
DA:64,4
DA:65,4
DA:66,4
DA:67,4
DA:68,4
DA:69,4
DA:70,4
DA:71,3
DA:72,3
DA:73,3
DA:74,3
DA:75,3
DA:76,3
DA:77,3
DA:78,3
DA:79,3
DA:80,4
DA:81,1
DA:82,1
DA:83,1
DA:84,1
DA:85,1
DA:86,1
DA:87,1
DA:88,1
DA:89,1
DA:90,1
DA:91,1
DA:92,1
DA:93,1
DA:94,1
DA:95,1
DA:96,0
DA:97,1
DA:98,1
DA:99,1
DA:100,1
DA:101,1
DA:102,1
DA:103,0
DA:104,0
DA:105,1
DA:106,0
DA:107,0
DA:108,0
DA:109,1
DA:110,4
DA:111,4
DA:112,4
LF:112
LH:93
BRDA:1,0,0,4
BRDA:31,1,0,0
BRDA:33,2,0,4
BRDA:34,3,0,0
BRDA:35,4,0,0
BRDA:38,5,0,0
BRDA:41,6,0,0
BRDA:46,7,0,3
BRDA:47,8,0,0
BRDA:52,9,0,0
BRDA:53,10,0,1
BRDA:55,11,0,0
BRDA:70,12,0,3
BRDA:73,13,0,0
BRDA:74,14,0,0
BRDA:80,15,0,1
BRDA:93,16,0,0
BRDA:96,17,0,0
BRDA:102,18,0,0
BRDA:105,19,0,0
BRF:20
BRH:6
end_of_record
TN:
SF:cli\commands\watermark.js
FN:14,createElement
FN:18,addEventListener
FN:19,getElementById
FN:20,querySelector
FN:21,querySelectorAll
FN:34,digest
FN:39,importKey
FN:42,deriveBits
FN:61,globalThis.sha256Hex
FN:111,bytesToBits
FN:118,bitsFromStr
FN:124,pack32
FN:126,xorBytes
FN:133,deriveKey
FN:141,makePayload
FN:152,extractPayload
FN:165,runWatermark
FN:225,doEmbed
FN:319,saveEmbed
FN:328,doExtract
FN:437,writeExtracted
FNF:21
FNH:14
FNDA:1,createElement
FNDA:6,addEventListener
FNDA:0,getElementById
FNDA:0,querySelector
FNDA:0,querySelectorAll
FNDA:0,digest
FNDA:0,importKey
FNDA:0,deriveBits
FNDA:0,globalThis.sha256Hex
FNDA:3,bytesToBits
FNDA:3,bitsFromStr
FNDA:3,pack32
FNDA:6,xorBytes
FNDA:6,deriveKey
FNDA:3,makePayload
FNDA:3,extractPayload
FNDA:6,runWatermark
FNDA:3,doEmbed
FNDA:2,saveEmbed
FNDA:3,doExtract
FNDA:3,writeExtracted
DA:1,6
DA:2,6
DA:3,6
DA:4,6
DA:5,6
DA:6,6
DA:7,6
DA:8,6
DA:9,6
DA:10,6
DA:11,6
DA:12,6
DA:13,6
DA:14,6
DA:15,1
DA:16,0
DA:17,6
DA:18,6
DA:19,6
DA:20,6
DA:21,6
DA:22,6
DA:23,6
DA:24,6
DA:25,6
DA:26,6
DA:27,6
DA:28,6
DA:29,6
DA:30,6
DA:31,6
DA:32,0
DA:33,0
DA:34,0
DA:35,0
DA:36,0
DA:37,0
DA:38,0
DA:39,0
DA:40,0
DA:41,0
DA:42,0
DA:43,0
DA:44,0
DA:45,0
DA:46,0
DA:47,0
DA:48,0
DA:49,0
DA:50,0
DA:51,0
DA:52,0
DA:53,0
DA:54,6
DA:55,6
DA:56,6
DA:57,6
DA:58,6
DA:59,6
DA:60,6
DA:61,6
DA:62,0
DA:63,0
DA:64,6
DA:65,6
DA:66,6
DA:67,6
DA:68,6
DA:69,6
DA:70,6
DA:71,6
DA:72,6
DA:73,6
DA:74,6
DA:75,6
DA:76,6
DA:77,6
DA:78,6
DA:79,6
DA:80,6
DA:81,6
DA:82,6
DA:83,6
DA:84,6
DA:85,6
DA:86,6
DA:87,6
DA:88,6
DA:89,6
DA:90,6
DA:91,0
DA:92,0
DA:93,6
DA:94,6
DA:95,6
DA:96,6
DA:97,6
DA:98,6
DA:99,6
DA:100,6
DA:101,6
DA:102,6
DA:103,6
DA:104,6
DA:105,6
DA:106,6
DA:107,6
DA:108,6
DA:109,6
DA:110,6
DA:111,3
DA:112,3
DA:113,3
DA:114,3
DA:115,3
DA:116,3
DA:117,6
DA:118,3
DA:119,3
DA:120,3
DA:121,3
DA:122,3
DA:123,6
DA:124,3
DA:125,6
DA:126,6
DA:127,6
DA:128,6
DA:129,6
DA:130,6
DA:131,6
DA:132,6
DA:133,6
DA:134,6
DA:135,6
DA:136,6
DA:137,6
DA:138,6
DA:139,6
DA:140,6
DA:141,3
DA:142,3
DA:143,3
DA:144,3
DA:145,3
DA:146,3
DA:147,3
DA:148,3
DA:149,3
DA:150,3
DA:151,6
DA:152,3
DA:153,3
DA:154,3
DA:155,3
DA:156,3
DA:157,3
DA:158,3
DA:159,3
DA:160,3
DA:161,0
DA:162,3
DA:163,6
DA:164,6
DA:165,6
DA:166,6
DA:167,6
DA:168,6
DA:169,6
DA:170,6
DA:171,6
DA:172,6
DA:173,6
DA:174,6
DA:175,0
DA:176,0
DA:177,0
DA:178,0
DA:179,0
DA:180,0
DA:181,6
DA:182,3
DA:183,3
DA:184,3
DA:185,0
DA:186,0
DA:187,0
DA:188,3
DA:189,6
DA:190,6
DA:191,6
DA:192,6
DA:193,6
DA:194,6
DA:195,6
DA:196,0
DA:197,0
DA:198,0
DA:199,0
DA:200,0
DA:201,6
DA:202,6
DA:203,6
DA:204,6
DA:205,6
DA:206,6
DA:207,6
DA:208,6
DA:209,6
DA:210,6
DA:211,6
DA:212,6
DA:213,6
DA:214,3
DA:215,3
DA:216,3
DA:217,3
DA:218,6
DA:219,6
DA:220,0
DA:221,0
DA:222,0
DA:223,6
DA:224,6
DA:225,3
DA:226,3
DA:227,3
DA:228,3
DA:229,3
DA:230,3
DA:231,3
DA:232,3
DA:233,3
DA:234,3
DA:235,3
DA:236,3
DA:237,0
DA:238,0
DA:239,0
DA:240,0
DA:241,0
DA:242,0
DA:243,0
DA:244,0
DA:245,0
DA:246,0
DA:247,0
DA:248,0
DA:249,0
DA:250,3
DA:251,1
DA:252,1
DA:253,1
DA:254,1
DA:255,1
DA:256,1
DA:257,1
DA:258,3
DA:259,1
DA:260,1
DA:261,1
DA:262,1
DA:263,1
DA:264,1
DA:265,1
DA:266,1
DA:267,0
DA:268,0
DA:269,0
DA:270,0
DA:271,0
DA:272,0
DA:273,0
DA:274,1
DA:275,0
DA:276,0
DA:277,0
DA:278,0
DA:279,0
DA:280,0
DA:281,0
DA:282,1
DA:283,1
DA:284,1
DA:285,1
DA:286,1
DA:287,1
DA:288,0
DA:289,0
DA:290,0
DA:291,0
DA:292,0
DA:293,1
DA:294,1
DA:295,1
DA:296,0
DA:297,0
DA:298,1
DA:299,0
DA:300,0
DA:301,1
DA:302,0
DA:303,0
DA:304,0
DA:305,1
DA:306,1
DA:307,1
DA:308,1
DA:309,1
DA:310,1
DA:311,1
DA:312,1
DA:313,1
DA:314,1
DA:315,1
DA:316,1
DA:317,1
DA:318,3
DA:319,3
DA:320,2
DA:321,2
DA:322,2
DA:323,2
DA:324,2
DA:325,2
DA:326,3
DA:327,6
DA:328,3
DA:329,3
DA:330,3
DA:331,3
DA:332,3
DA:333,3
DA:334,3
DA:335,0
DA:336,0
DA:337,0
DA:338,0
DA:339,0
DA:340,0
DA:341,0
DA:342,0
DA:343,0
DA:344,0
DA:345,0
DA:346,0
DA:347,0
DA:348,0
DA:349,0
DA:350,0
DA:351,0
DA:352,0
DA:353,0
DA:354,0
DA:355,0
DA:356,0
DA:357,0
DA:358,0
DA:359,0
DA:360,0
DA:361,0
DA:362,0
DA:363,0
DA:364,0
DA:365,0
DA:366,0
DA:367,0
DA:368,0
DA:369,0
DA:370,0
DA:371,0
DA:372,0
DA:373,0
DA:374,0
DA:375,0
DA:376,0
DA:377,0
DA:378,0
DA:379,3
DA:380,3
DA:381,2
DA:382,2
DA:383,2
DA:384,2
DA:385,2
DA:386,2
DA:387,0
DA:388,2
DA:389,3
DA:390,0
DA:391,0
DA:392,0
DA:393,0
DA:394,0
DA:395,0
DA:396,0
DA:397,0
DA:398,0
DA:399,0
DA:400,0
DA:401,1
DA:402,0
DA:403,0
DA:404,0
DA:405,0
DA:406,0
DA:407,0
DA:408,1
DA:409,1
DA:410,1
DA:411,1
DA:412,1
DA:413,1
DA:414,1
DA:415,1
DA:416,0
DA:417,0
DA:418,0
DA:419,1
DA:420,1
DA:421,1
DA:422,1
DA:423,0
DA:424,0
DA:425,0
DA:426,0
DA:427,0
DA:428,0
DA:429,0
DA:430,1
DA:431,1
DA:432,1
DA:433,0
DA:434,1
DA:435,3
DA:436,6
DA:437,3
DA:438,3
DA:439,3
DA:440,3
DA:441,3
DA:442,0
DA:443,0
DA:444,0
DA:445,0
DA:446,0
DA:447,0
DA:448,0
DA:449,3
DA:450,6
DA:451,6
LF:451
LH:287
BRDA:1,0,0,6
BRDA:31,1,0,0
BRDA:90,2,0,0
BRDA:108,3,0,96
BRDA:14,4,0,1
BRDA:16,5,0,0
BRDA:18,6,0,6
BRDA:111,7,0,3
BRDA:114,8,0,76
BRDA:118,9,0,3
BRDA:120,10,0,64
BRDA:124,11,0,3
BRDA:126,12,0,6
BRDA:127,13,0,0
BRDA:129,14,0,128
BRDA:133,15,0,6
BRDA:134,16,0,0
BRDA:141,17,0,3
BRDA:152,18,0,3
BRDA:153,19,0,0
BRDA:155,20,0,0
BRDA:156,21,0,0
BRDA:161,22,0,0
BRDA:165,23,0,6
BRDA:168,24,0,0
BRDA:174,25,0,0
BRDA:181,26,0,3
BRDA:184,27,0,0
BRDA:190,28,0,0
BRDA:193,29,0,0
BRDA:195,30,0,0
BRDA:213,31,0,3
BRDA:219,32,0,0
BRDA:225,33,0,3
BRDA:228,34,0,0
BRDA:232,35,0,0
BRDA:234,36,0,0
BRDA:236,37,0,0
BRDA:250,38,0,1
BRDA:252,39,0,0
BRDA:253,40,0,0
BRDA:258,41,0,2
BRDA:258,42,0,1
BRDA:260,43,0,0
BRDA:261,44,0,0
BRDA:266,45,0,0
BRDA:274,46,0,0
BRDA:287,47,0,0
BRDA:294,48,0,0
BRDA:295,49,0,0
BRDA:298,50,0,0
BRDA:301,51,0,0
BRDA:306,52,0,0
BRDA:319,53,0,2
BRDA:328,54,0,3
BRDA:332,55,0,0
BRDA:334,56,0,0
BRDA:380,57,0,2
BRDA:380,58,0,1
BRDA:380,59,0,2
BRDA:381,60,0,1
BRDA:381,61,0,1
BRDA:381,62,0,0
BRDA:382,63,0,1
BRDA:382,64,0,1
BRDA:387,65,0,0
BRDA:389,66,0,1
BRDA:389,67,0,0
BRDA:401,68,0,0
BRDA:411,69,0,0
BRDA:413,70,0,0
BRDA:415,71,0,0
BRDA:421,72,0,0
BRDA:422,73,0,0
BRDA:433,74,0,0
BRDA:437,75,0,3
BRDA:441,76,0,0
BRF:77
BRH:32
end_of_record
